<?xml version="1.0" encoding="UTF-8"?>
<!-- Generated by org.testng.reporters.JUnitXMLReporter -->
<testsuite hostname="DESKTOP-I73UVPN" name="Default test" tests="2" failures="0" timestamp="19 Jan 2020 21:19:13 GMT" time="12.376" errors="0">
  <testcase name="backSpaceTest" time="0.146" classname="ie.murph.testautomationu.webdriver_automation.keypress.KeyPressTest"/>
  <testcase name="pieTest" time="0.068" classname="ie.murph.testautomationu.webdriver_automation.keypress.KeyPressTest"/>
</testsuite> <!-- Default test -->
