<?xml version="1.0" encoding="UTF-8"?>
<!-- Generated by org.testng.reporters.JUnitXMLReporter -->
<testsuite hostname="DESKTOP-I73UVPN" name="Default test" tests="2" failures="0" timestamp="2 Feb 2020 22:31:26 GMT" time="17.64" errors="0">
  <testcase name="isSelectedOptionTest" time="0.025" classname="ie.murph.testautomationu.webdriver_automation.dropdown.DropdownTest"/>
  <testcase name="selectedOptionTest" time="0.0" classname="ie.murph.testautomationu.webdriver_automation.dropdown.DropdownTest"/>
</testsuite> <!-- Default test -->
