<?xml version="1.0" encoding="UTF-8"?>
<!-- Generated by org.testng.reporters.JUnitXMLReporter -->
<testsuite hostname="DESKTOP-I73UVPN" name="All Groups Test" tests="2" failures="0" timestamp="2 Feb 2020 22:38:00 GMT" time="12.242" errors="0">
  <testcase name="isSelectedOptionTest" time="0.007" classname="ie.murph.testautomationu.webdriver_automation.dropdown.DropdownTest"/>
  <testcase name="selectedOptionTest" time="0.001" classname="ie.murph.testautomationu.webdriver_automation.dropdown.DropdownTest"/>
</testsuite> <!-- All Groups Test -->
